{"/home/lizbeth/Documents/LAB-11/LIM011-fe-burger-queen-api/config.js": {"path":"/home/lizbeth/Documents/LAB-11/LIM011-fe-burger-queen-api/config.js","statementMap":{"0":{"start":{"line":1,"column":0},"end":{"line":1,"column":59}},"1":{"start":{"line":2,"column":0},"end":{"line":2,"column":82}},"2":{"start":{"line":3,"column":0},"end":{"line":3,"column":73}},"3":{"start":{"line":4,"column":0},"end":{"line":4,"column":66}},"4":{"start":{"line":5,"column":0},"end":{"line":5,"column":65}}},"fnMap":{},"branchMap":{"0":{"loc":{"start":{"line":1,"column":15},"end":{"line":1,"column":58}},"type":"binary-expr","locations":[{"start":{"line":1,"column":15},"end":{"line":1,"column":30}},{"start":{"line":1,"column":34},"end":{"line":1,"column":50}},{"start":{"line":1,"column":54},"end":{"line":1,"column":58}}],"line":1},"1":{"loc":{"start":{"line":2,"column":16},"end":{"line":2,"column":81}},"type":"binary-expr","locations":[{"start":{"line":2,"column":16},"end":{"line":2,"column":34}},{"start":{"line":2,"column":38},"end":{"line":2,"column":81}}],"line":2},"2":{"loc":{"start":{"line":3,"column":17},"end":{"line":3,"column":72}},"type":"binary-expr","locations":[{"start":{"line":3,"column":17},"end":{"line":3,"column":39}},{"start":{"line":3,"column":43},"end":{"line":3,"column":72}}],"line":3},"3":{"loc":{"start":{"line":4,"column":21},"end":{"line":4,"column":65}},"type":"binary-expr","locations":[{"start":{"line":4,"column":21},"end":{"line":4,"column":44}},{"start":{"line":4,"column":48},"end":{"line":4,"column":65}}],"line":4},"4":{"loc":{"start":{"line":5,"column":24},"end":{"line":5,"column":64}},"type":"binary-expr","locations":[{"start":{"line":5,"column":24},"end":{"line":5,"column":50}},{"start":{"line":5,"column":54},"end":{"line":5,"column":64}}],"line":5}},"s":{"0":1,"1":1,"2":1,"3":1,"4":1},"f":{},"b":{"0":[1,0,0],"1":[1,1],"2":[1,1],"3":[1,1],"4":[1,1]},"_coverageSchema":"43e27e138ebf9cfc5966b082cf9a028302ed4184","hash":"d4981d9bbba28152c7ffc20d0020517eefec459c"}
,"/home/lizbeth/Documents/LAB-11/LIM011-fe-burger-queen-api/conection/connection.js": {"path":"/home/lizbeth/Documents/LAB-11/LIM011-fe-burger-queen-api/conection/connection.js","statementMap":{"0":{"start":{"line":1,"column":20},"end":{"line":1,"column":50}},"1":{"start":{"line":2,"column":15},"end":{"line":2,"column":35}},"2":{"start":{"line":4,"column":18},"end":{"line":4,"column":24}},"3":{"start":{"line":8,"column":0},"end":{"line":16,"column":2}},"4":{"start":{"line":10,"column":2},"end":{"line":13,"column":3}},"5":{"start":{"line":11,"column":19},"end":{"line":11,"column":81}},"6":{"start":{"line":12,"column":4},"end":{"line":12,"column":38}},"7":{"start":{"line":14,"column":2},"end":{"line":14,"column":12}}},"fnMap":{"0":{"name":"(anonymous_0)","decl":{"start":{"line":8,"column":17},"end":{"line":8,"column":18}},"loc":{"start":{"line":8,"column":29},"end":{"line":16,"column":1}},"line":8}},"branchMap":{"0":{"loc":{"start":{"line":10,"column":2},"end":{"line":13,"column":3}},"type":"if","locations":[{"start":{"line":10,"column":2},"end":{"line":13,"column":3}},{"start":{"line":10,"column":2},"end":{"line":13,"column":3}}],"line":10}},"s":{"0":1,"1":1,"2":1,"3":1,"4":8,"5":8,"6":0,"7":0},"f":{"0":8},"b":{"0":[8,0]},"_coverageSchema":"43e27e138ebf9cfc5966b082cf9a028302ed4184","hash":"0632946f632d1c8dc73e9a42d36741ba26fc5448"}
,"/home/lizbeth/Documents/LAB-11/LIM011-fe-burger-queen-api/controller/usersController.js": {"path":"/home/lizbeth/Documents/LAB-11/LIM011-fe-burger-queen-api/controller/usersController.js","statementMap":{"0":{"start":{"line":1,"column":15},"end":{"line":1,"column":32}},"1":{"start":{"line":2,"column":17},"end":{"line":2,"column":44}},"2":{"start":{"line":3,"column":37},"end":{"line":3,"column":55}},"3":{"start":{"line":4,"column":20},"end":{"line":4,"column":49}},"4":{"start":{"line":5,"column":11},"end":{"line":5,"column":45}},"5":{"start":{"line":7,"column":15},"end":{"line":10,"column":1}},"6":{"start":{"line":8,"column":20},"end":{"line":8,"column":52}},"7":{"start":{"line":9,"column":2},"end":{"line":9,"column":19}},"8":{"start":{"line":11,"column":0},"end":{"line":11,"column":37}},"9":{"start":{"line":13,"column":0},"end":{"line":136,"column":2}},"10":{"start":{"line":15,"column":18},"end":{"line":15,"column":53}},"11":{"start":{"line":16,"column":17},"end":{"line":16,"column":50}},"12":{"start":{"line":17,"column":23},"end":{"line":17,"column":41}},"13":{"start":{"line":18,"column":28},"end":{"line":18,"column":60}},"14":{"start":{"line":19,"column":21},"end":{"line":22,"column":62}},"15":{"start":{"line":22,"column":39},"end":{"line":22,"column":60}},"16":{"start":{"line":23,"column":26},"end":{"line":23,"column":62}},"17":{"start":{"line":24,"column":26},"end":{"line":24,"column":58}},"18":{"start":{"line":25,"column":24},"end":{"line":25,"column":71}},"19":{"start":{"line":26,"column":4},"end":{"line":26,"column":104}},"20":{"start":{"line":27,"column":4},"end":{"line":27,"column":23}},"21":{"start":{"line":28,"column":4},"end":{"line":28,"column":11}},"22":{"start":{"line":31,"column":20},"end":{"line":31,"column":30}},"23":{"start":{"line":33,"column":4},"end":{"line":37,"column":5}},"24":{"start":{"line":34,"column":6},"end":{"line":34,"column":29}},"25":{"start":{"line":36,"column":6},"end":{"line":36,"column":37}},"26":{"start":{"line":38,"column":28},"end":{"line":38,"column":60}},"27":{"start":{"line":39,"column":22},"end":{"line":39,"column":58}},"28":{"start":{"line":40,"column":4},"end":{"line":42,"column":5}},"29":{"start":{"line":41,"column":6},"end":{"line":41,"column":23}},"30":{"start":{"line":43,"column":4},"end":{"line":47,"column":7}},"31":{"start":{"line":50,"column":39},"end":{"line":50,"column":47}},"32":{"start":{"line":51,"column":4},"end":{"line":53,"column":5}},"33":{"start":{"line":52,"column":6},"end":{"line":52,"column":23}},"34":{"start":{"line":54,"column":4},"end":{"line":56,"column":5}},"35":{"start":{"line":55,"column":6},"end":{"line":55,"column":23}},"36":{"start":{"line":57,"column":4},"end":{"line":59,"column":5}},"37":{"start":{"line":58,"column":6},"end":{"line":58,"column":23}},"38":{"start":{"line":61,"column":4},"end":{"line":65,"column":5}},"39":{"start":{"line":62,"column":6},"end":{"line":62,"column":34}},"40":{"start":{"line":64,"column":6},"end":{"line":64,"column":23}},"41":{"start":{"line":66,"column":28},"end":{"line":66,"column":60}},"42":{"start":{"line":67,"column":25},"end":{"line":67,"column":65}},"43":{"start":{"line":68,"column":4},"end":{"line":70,"column":5}},"44":{"start":{"line":69,"column":6},"end":{"line":69,"column":23}},"45":{"start":{"line":71,"column":22},"end":{"line":75,"column":6}},"46":{"start":{"line":76,"column":17},"end":{"line":76,"column":87}},"47":{"start":{"line":77,"column":4},"end":{"line":81,"column":7}},"48":{"start":{"line":84,"column":20},"end":{"line":84,"column":30}},"49":{"start":{"line":85,"column":39},"end":{"line":85,"column":47}},"50":{"start":{"line":86,"column":29},"end":{"line":86,"column":61}},"51":{"start":{"line":88,"column":4},"end":{"line":92,"column":5}},"52":{"start":{"line":89,"column":6},"end":{"line":89,"column":29}},"53":{"start":{"line":91,"column":6},"end":{"line":91,"column":37}},"54":{"start":{"line":93,"column":17},"end":{"line":93,"column":53}},"55":{"start":{"line":94,"column":4},"end":{"line":96,"column":5}},"56":{"start":{"line":95,"column":6},"end":{"line":95,"column":23}},"57":{"start":{"line":97,"column":4},"end":{"line":99,"column":5}},"58":{"start":{"line":98,"column":6},"end":{"line":98,"column":23}},"59":{"start":{"line":100,"column":4},"end":{"line":102,"column":5}},"60":{"start":{"line":101,"column":6},"end":{"line":101,"column":23}},"61":{"start":{"line":103,"column":22},"end":{"line":103,"column":51}},"62":{"start":{"line":104,"column":4},"end":{"line":112,"column":6}},"63":{"start":{"line":113,"column":23},"end":{"line":113,"column":81}},"64":{"start":{"line":114,"column":4},"end":{"line":114,"column":25}},"65":{"start":{"line":115,"column":4},"end":{"line":115,"column":11}},"66":{"start":{"line":118,"column":20},"end":{"line":118,"column":30}},"67":{"start":{"line":119,"column":28},"end":{"line":119,"column":60}},"68":{"start":{"line":121,"column":4},"end":{"line":125,"column":5}},"69":{"start":{"line":122,"column":6},"end":{"line":122,"column":29}},"70":{"start":{"line":124,"column":6},"end":{"line":124,"column":37}},"71":{"start":{"line":126,"column":17},"end":{"line":126,"column":53}},"72":{"start":{"line":127,"column":4},"end":{"line":129,"column":5}},"73":{"start":{"line":128,"column":6},"end":{"line":128,"column":23}},"74":{"start":{"line":131,"column":4},"end":{"line":131,"column":43}},"75":{"start":{"line":132,"column":4},"end":{"line":132,"column":71}},"76":{"start":{"line":134,"column":4},"end":{"line":134,"column":11}}},"fnMap":{"0":{"name":"(anonymous_0)","decl":{"start":{"line":7,"column":15},"end":{"line":7,"column":16}},"loc":{"start":{"line":7,"column":27},"end":{"line":10,"column":1}},"line":7},"1":{"name":"(anonymous_1)","decl":{"start":{"line":14,"column":12},"end":{"line":14,"column":13}},"loc":{"start":{"line":14,"column":38},"end":{"line":29,"column":3}},"line":14},"2":{"name":"(anonymous_2)","decl":{"start":{"line":22,"column":11},"end":{"line":22,"column":12}},"loc":{"start":{"line":22,"column":39},"end":{"line":22,"column":60}},"line":22},"3":{"name":"(anonymous_3)","decl":{"start":{"line":30,"column":15},"end":{"line":30,"column":16}},"loc":{"start":{"line":30,"column":42},"end":{"line":48,"column":3}},"line":30},"4":{"name":"(anonymous_4)","decl":{"start":{"line":49,"column":15},"end":{"line":49,"column":16}},"loc":{"start":{"line":49,"column":42},"end":{"line":82,"column":3}},"line":49},"5":{"name":"(anonymous_5)","decl":{"start":{"line":83,"column":14},"end":{"line":83,"column":15}},"loc":{"start":{"line":83,"column":40},"end":{"line":116,"column":3}},"line":83},"6":{"name":"(anonymous_6)","decl":{"start":{"line":117,"column":14},"end":{"line":117,"column":15}},"loc":{"start":{"line":117,"column":41},"end":{"line":135,"column":3}},"line":117}},"branchMap":{"0":{"loc":{"start":{"line":15,"column":18},"end":{"line":15,"column":53}},"type":"binary-expr","locations":[{"start":{"line":15,"column":18},"end":{"line":15,"column":47}},{"start":{"line":15,"column":51},"end":{"line":15,"column":53}}],"line":15},"1":{"loc":{"start":{"line":16,"column":17},"end":{"line":16,"column":50}},"type":"binary-expr","locations":[{"start":{"line":16,"column":17},"end":{"line":16,"column":45}},{"start":{"line":16,"column":49},"end":{"line":16,"column":50}}],"line":16},"2":{"loc":{"start":{"line":33,"column":4},"end":{"line":37,"column":5}},"type":"if","locations":[{"start":{"line":33,"column":4},"end":{"line":37,"column":5}},{"start":{"line":33,"column":4},"end":{"line":37,"column":5}}],"line":33},"3":{"loc":{"start":{"line":40,"column":4},"end":{"line":42,"column":5}},"type":"if","locations":[{"start":{"line":40,"column":4},"end":{"line":42,"column":5}},{"start":{"line":40,"column":4},"end":{"line":42,"column":5}}],"line":40},"4":{"loc":{"start":{"line":51,"column":4},"end":{"line":53,"column":5}},"type":"if","locations":[{"start":{"line":51,"column":4},"end":{"line":53,"column":5}},{"start":{"line":51,"column":4},"end":{"line":53,"column":5}}],"line":51},"5":{"loc":{"start":{"line":51,"column":8},"end":{"line":51,"column":27}},"type":"binary-expr","locations":[{"start":{"line":51,"column":8},"end":{"line":51,"column":14}},{"start":{"line":51,"column":18},"end":{"line":51,"column":27}}],"line":51},"6":{"loc":{"start":{"line":54,"column":4},"end":{"line":56,"column":5}},"type":"if","locations":[{"start":{"line":54,"column":4},"end":{"line":56,"column":5}},{"start":{"line":54,"column":4},"end":{"line":56,"column":5}}],"line":54},"7":{"loc":{"start":{"line":57,"column":4},"end":{"line":59,"column":5}},"type":"if","locations":[{"start":{"line":57,"column":4},"end":{"line":59,"column":5}},{"start":{"line":57,"column":4},"end":{"line":59,"column":5}}],"line":57},"8":{"loc":{"start":{"line":61,"column":4},"end":{"line":65,"column":5}},"type":"if","locations":[{"start":{"line":61,"column":4},"end":{"line":65,"column":5}},{"start":{"line":61,"column":4},"end":{"line":65,"column":5}}],"line":61},"9":{"loc":{"start":{"line":68,"column":4},"end":{"line":70,"column":5}},"type":"if","locations":[{"start":{"line":68,"column":4},"end":{"line":70,"column":5}},{"start":{"line":68,"column":4},"end":{"line":70,"column":5}}],"line":68},"10":{"loc":{"start":{"line":88,"column":4},"end":{"line":92,"column":5}},"type":"if","locations":[{"start":{"line":88,"column":4},"end":{"line":92,"column":5}},{"start":{"line":88,"column":4},"end":{"line":92,"column":5}}],"line":88},"11":{"loc":{"start":{"line":94,"column":4},"end":{"line":96,"column":5}},"type":"if","locations":[{"start":{"line":94,"column":4},"end":{"line":96,"column":5}},{"start":{"line":94,"column":4},"end":{"line":96,"column":5}}],"line":94},"12":{"loc":{"start":{"line":97,"column":4},"end":{"line":99,"column":5}},"type":"if","locations":[{"start":{"line":97,"column":4},"end":{"line":99,"column":5}},{"start":{"line":97,"column":4},"end":{"line":99,"column":5}}],"line":97},"13":{"loc":{"start":{"line":97,"column":8},"end":{"line":97,"column":30}},"type":"binary-expr","locations":[{"start":{"line":97,"column":8},"end":{"line":97,"column":21}},{"start":{"line":97,"column":25},"end":{"line":97,"column":30}}],"line":97},"14":{"loc":{"start":{"line":100,"column":4},"end":{"line":102,"column":5}},"type":"if","locations":[{"start":{"line":100,"column":4},"end":{"line":102,"column":5}},{"start":{"line":100,"column":4},"end":{"line":102,"column":5}}],"line":100},"15":{"loc":{"start":{"line":100,"column":10},"end":{"line":100,"column":27}},"type":"binary-expr","locations":[{"start":{"line":100,"column":10},"end":{"line":100,"column":15}},{"start":{"line":100,"column":19},"end":{"line":100,"column":27}}],"line":100},"16":{"loc":{"start":{"line":107,"column":17},"end":{"line":107,"column":45}},"type":"binary-expr","locations":[{"start":{"line":107,"column":17},"end":{"line":107,"column":31}},{"start":{"line":107,"column":35},"end":{"line":107,"column":45}}],"line":107},"17":{"loc":{"start":{"line":108,"column":20},"end":{"line":108,"column":47}},"type":"binary-expr","locations":[{"start":{"line":108,"column":20},"end":{"line":108,"column":29}},{"start":{"line":108,"column":33},"end":{"line":108,"column":47}}],"line":108},"18":{"loc":{"start":{"line":109,"column":17},"end":{"line":109,"column":41}},"type":"binary-expr","locations":[{"start":{"line":109,"column":17},"end":{"line":109,"column":27}},{"start":{"line":109,"column":31},"end":{"line":109,"column":41}}],"line":109},"19":{"loc":{"start":{"line":121,"column":4},"end":{"line":125,"column":5}},"type":"if","locations":[{"start":{"line":121,"column":4},"end":{"line":125,"column":5}},{"start":{"line":121,"column":4},"end":{"line":125,"column":5}}],"line":121},"20":{"loc":{"start":{"line":127,"column":4},"end":{"line":129,"column":5}},"type":"if","locations":[{"start":{"line":127,"column":4},"end":{"line":129,"column":5}},{"start":{"line":127,"column":4},"end":{"line":129,"column":5}}],"line":127}},"s":{"0":1,"1":1,"2":1,"3":1,"4":1,"5":1,"6":1,"7":0,"8":1,"9":1,"10":1,"11":1,"12":1,"13":1,"14":0,"15":0,"16":0,"17":0,"18":0,"19":0,"20":0,"21":0,"22":2,"23":2,"24":0,"25":2,"26":2,"27":0,"28":0,"29":0,"30":0,"31":1,"32":1,"33":0,"34":1,"35":0,"36":1,"37":1,"38":0,"39":0,"40":0,"41":0,"42":0,"43":0,"44":0,"45":0,"46":0,"47":0,"48":2,"49":2,"50":2,"51":0,"52":0,"53":0,"54":0,"55":0,"56":0,"57":0,"58":0,"59":0,"60":0,"61":0,"62":0,"63":0,"64":0,"65":0,"66":2,"67":2,"68":0,"69":0,"70":0,"71":0,"72":0,"73":0,"74":0,"75":0,"76":0},"f":{"0":1,"1":1,"2":0,"3":2,"4":1,"5":2,"6":2},"b":{"0":[1,1],"1":[1,1],"2":[0,2],"3":[0,0],"4":[0,1],"5":[1,1],"6":[0,1],"7":[1,0],"8":[0,0],"9":[0,0],"10":[0,0],"11":[0,0],"12":[0,0],"13":[0,0],"14":[0,0],"15":[0,0],"16":[0,0],"17":[0,0],"18":[0,0],"19":[0,0],"20":[0,0]},"_coverageSchema":"43e27e138ebf9cfc5966b082cf9a028302ed4184","hash":"ec7059e680ce2a05353c21b3cf95c695f47e7722"}
,"/home/lizbeth/Documents/LAB-11/LIM011-fe-burger-queen-api/controller/utils.js": {"path":"/home/lizbeth/Documents/LAB-11/LIM011-fe-burger-queen-api/controller/utils.js","statementMap":{"0":{"start":{"line":2,"column":21},"end":{"line":5,"column":1}},"1":{"start":{"line":3,"column":16},"end":{"line":3,"column":167}},"2":{"start":{"line":4,"column":2},"end":{"line":4,"column":27}},"3":{"start":{"line":7,"column":19},"end":{"line":15,"column":1}},"4":{"start":{"line":8,"column":22},"end":{"line":13,"column":3}},"5":{"start":{"line":14,"column":2},"end":{"line":14,"column":21}},"6":{"start":{"line":17,"column":0},"end":{"line":17,"column":46}}},"fnMap":{"0":{"name":"(anonymous_0)","decl":{"start":{"line":2,"column":21},"end":{"line":2,"column":22}},"loc":{"start":{"line":2,"column":32},"end":{"line":5,"column":1}},"line":2},"1":{"name":"(anonymous_1)","decl":{"start":{"line":7,"column":19},"end":{"line":7,"column":20}},"loc":{"start":{"line":7,"column":70},"end":{"line":15,"column":1}},"line":7}},"branchMap":{"0":{"loc":{"start":{"line":12,"column":41},"end":{"line":12,"column":64}},"type":"cond-expr","locations":[{"start":{"line":12,"column":52},"end":{"line":12,"column":60}},{"start":{"line":12,"column":63},"end":{"line":12,"column":64}}],"line":12}},"s":{"0":1,"1":3,"2":3,"3":1,"4":0,"5":0,"6":1},"f":{"0":3,"1":0},"b":{"0":[0,0]},"_coverageSchema":"43e27e138ebf9cfc5966b082cf9a028302ed4184","hash":"98e87166b9f5ef57a87607ee4bfdceb76364e448"}
,"/home/lizbeth/Documents/LAB-11/LIM011-fe-burger-queen-api/middleware/auth.js": {"path":"/home/lizbeth/Documents/LAB-11/LIM011-fe-burger-queen-api/middleware/auth.js","statementMap":{"0":{"start":{"line":1,"column":12},"end":{"line":1,"column":35}},"1":{"start":{"line":2,"column":17},"end":{"line":2,"column":44}},"2":{"start":{"line":3,"column":15},"end":{"line":3,"column":35}},"3":{"start":{"line":5,"column":18},"end":{"line":5,"column":24}},"4":{"start":{"line":6,"column":17},"end":{"line":6,"column":51}},"5":{"start":{"line":8,"column":0},"end":{"line":43,"column":2}},"6":{"start":{"line":8,"column":29},"end":{"line":43,"column":1}},"7":{"start":{"line":9,"column":28},"end":{"line":9,"column":39}},"8":{"start":{"line":11,"column":2},"end":{"line":13,"column":3}},"9":{"start":{"line":12,"column":4},"end":{"line":12,"column":18}},"10":{"start":{"line":14,"column":24},"end":{"line":14,"column":48}},"11":{"start":{"line":15,"column":2},"end":{"line":17,"column":3}},"12":{"start":{"line":16,"column":4},"end":{"line":16,"column":18}},"13":{"start":{"line":18,"column":2},"end":{"line":42,"column":5}},"14":{"start":{"line":19,"column":4},"end":{"line":21,"column":5}},"15":{"start":{"line":20,"column":6},"end":{"line":20,"column":23}},"16":{"start":{"line":23,"column":15},"end":{"line":23,"column":36}},"17":{"start":{"line":24,"column":22},"end":{"line":24,"column":60}},"18":{"start":{"line":25,"column":4},"end":{"line":25,"column":46}},"19":{"start":{"line":26,"column":4},"end":{"line":26,"column":53}},"20":{"start":{"line":27,"column":4},"end":{"line":27,"column":47}},"21":{"start":{"line":28,"column":4},"end":{"line":28,"column":30}},"22":{"start":{"line":29,"column":19},"end":{"line":29,"column":35}},"23":{"start":{"line":30,"column":4},"end":{"line":30,"column":34}},"24":{"start":{"line":31,"column":4},"end":{"line":31,"column":43}},"25":{"start":{"line":32,"column":4},"end":{"line":32,"column":45}},"26":{"start":{"line":35,"column":17},"end":{"line":35,"column":80}},"27":{"start":{"line":37,"column":4},"end":{"line":37,"column":28}},"28":{"start":{"line":40,"column":4},"end":{"line":40,"column":11}},"29":{"start":{"line":46,"column":0},"end":{"line":49,"column":2}},"30":{"start":{"line":48,"column":2},"end":{"line":48,"column":18}},"31":{"start":{"line":52,"column":0},"end":{"line":55,"column":2}},"32":{"start":{"line":54,"column":2},"end":{"line":54,"column":30}},"33":{"start":{"line":57,"column":0},"end":{"line":65,"column":2}},"34":{"start":{"line":60,"column":2},"end":{"line":64,"column":15}},"35":{"start":{"line":68,"column":0},"end":{"line":72,"column":2}},"36":{"start":{"line":69,"column":2},"end":{"line":71,"column":12}},"37":{"start":{"line":74,"column":0},"end":{"line":81,"column":2}},"38":{"start":{"line":76,"column":2},"end":{"line":80,"column":14}}},"fnMap":{"0":{"name":"(anonymous_0)","decl":{"start":{"line":8,"column":17},"end":{"line":8,"column":18}},"loc":{"start":{"line":8,"column":29},"end":{"line":43,"column":1}},"line":8},"1":{"name":"(anonymous_1)","decl":{"start":{"line":8,"column":29},"end":{"line":8,"column":30}},"loc":{"start":{"line":8,"column":50},"end":{"line":43,"column":1}},"line":8},"2":{"name":"(anonymous_2)","decl":{"start":{"line":18,"column":28},"end":{"line":18,"column":29}},"loc":{"start":{"line":18,"column":57},"end":{"line":42,"column":3}},"line":18},"3":{"name":"(anonymous_3)","decl":{"start":{"line":46,"column":33},"end":{"line":46,"column":34}},"loc":{"start":{"line":48,"column":2},"end":{"line":48,"column":18}},"line":48},"4":{"name":"(anonymous_4)","decl":{"start":{"line":52,"column":25},"end":{"line":52,"column":26}},"loc":{"start":{"line":54,"column":2},"end":{"line":54,"column":30}},"line":54},"5":{"name":"(anonymous_5)","decl":{"start":{"line":57,"column":31},"end":{"line":57,"column":32}},"loc":{"start":{"line":60,"column":2},"end":{"line":64,"column":15}},"line":60},"6":{"name":"(anonymous_6)","decl":{"start":{"line":68,"column":29},"end":{"line":68,"column":30}},"loc":{"start":{"line":69,"column":2},"end":{"line":71,"column":12}},"line":69},"7":{"name":"(anonymous_7)","decl":{"start":{"line":74,"column":30},"end":{"line":74,"column":31}},"loc":{"start":{"line":76,"column":2},"end":{"line":80,"column":14}},"line":76}},"branchMap":{"0":{"loc":{"start":{"line":11,"column":2},"end":{"line":13,"column":3}},"type":"if","locations":[{"start":{"line":11,"column":2},"end":{"line":13,"column":3}},{"start":{"line":11,"column":2},"end":{"line":13,"column":3}}],"line":11},"1":{"loc":{"start":{"line":15,"column":2},"end":{"line":17,"column":3}},"type":"if","locations":[{"start":{"line":15,"column":2},"end":{"line":17,"column":3}},{"start":{"line":15,"column":2},"end":{"line":17,"column":3}}],"line":15},"2":{"loc":{"start":{"line":19,"column":4},"end":{"line":21,"column":5}},"type":"if","locations":[{"start":{"line":19,"column":4},"end":{"line":21,"column":5}},{"start":{"line":19,"column":4},"end":{"line":21,"column":5}}],"line":19},"3":{"loc":{"start":{"line":60,"column":2},"end":{"line":64,"column":15}},"type":"cond-expr","locations":[{"start":{"line":63,"column":6},"end":{"line":63,"column":12}},{"start":{"line":64,"column":6},"end":{"line":64,"column":15}}],"line":60},"4":{"loc":{"start":{"line":60,"column":3},"end":{"line":62,"column":79}},"type":"binary-expr","locations":[{"start":{"line":60,"column":4},"end":{"line":60,"column":31}},{"start":{"line":61,"column":7},"end":{"line":61,"column":67}},{"start":{"line":62,"column":6},"end":{"line":62,"column":77}}],"line":60},"5":{"loc":{"start":{"line":69,"column":2},"end":{"line":71,"column":12}},"type":"cond-expr","locations":[{"start":{"line":70,"column":6},"end":{"line":70,"column":15}},{"start":{"line":71,"column":6},"end":{"line":71,"column":12}}],"line":69},"6":{"loc":{"start":{"line":76,"column":2},"end":{"line":80,"column":14}},"type":"cond-expr","locations":[{"start":{"line":77,"column":6},"end":{"line":77,"column":15}},{"start":{"line":78,"column":6},"end":{"line":80,"column":14}}],"line":76},"7":{"loc":{"start":{"line":78,"column":6},"end":{"line":80,"column":14}},"type":"cond-expr","locations":[{"start":{"line":79,"column":8},"end":{"line":79,"column":17}},{"start":{"line":80,"column":8},"end":{"line":80,"column":14}}],"line":78}},"s":{"0":1,"1":1,"2":1,"3":1,"4":1,"5":1,"6":0,"7":0,"8":0,"9":0,"10":0,"11":0,"12":0,"13":0,"14":0,"15":0,"16":0,"17":0,"18":0,"19":0,"20":0,"21":0,"22":0,"23":0,"24":0,"25":0,"26":0,"27":0,"28":0,"29":1,"30":0,"31":1,"32":0,"33":1,"34":0,"35":1,"36":0,"37":1,"38":0},"f":{"0":0,"1":0,"2":0,"3":0,"4":0,"5":0,"6":0,"7":0},"b":{"0":[0,0],"1":[0,0],"2":[0,0],"3":[0,0],"4":[0,0,0],"5":[0,0],"6":[0,0],"7":[0,0]},"_coverageSchema":"43e27e138ebf9cfc5966b082cf9a028302ed4184","hash":"39c9b1a2e5a50e46d9fa54a880128e1676e29b64"}
}
