{"/home/kiswari/Desktop/Burger Queen API/LIM011-fe-burger-queen-api/config.js": {"path":"/home/kiswari/Desktop/Burger Queen API/LIM011-fe-burger-queen-api/config.js","statementMap":{"0":{"start":{"line":1,"column":0},"end":{"line":1,"column":59}},"1":{"start":{"line":2,"column":0},"end":{"line":2,"column":82}},"2":{"start":{"line":3,"column":0},"end":{"line":3,"column":73}},"3":{"start":{"line":4,"column":0},"end":{"line":4,"column":66}},"4":{"start":{"line":5,"column":0},"end":{"line":5,"column":65}}},"fnMap":{},"branchMap":{"0":{"loc":{"start":{"line":1,"column":15},"end":{"line":1,"column":58}},"type":"binary-expr","locations":[{"start":{"line":1,"column":15},"end":{"line":1,"column":30}},{"start":{"line":1,"column":34},"end":{"line":1,"column":50}},{"start":{"line":1,"column":54},"end":{"line":1,"column":58}}],"line":1},"1":{"loc":{"start":{"line":2,"column":16},"end":{"line":2,"column":81}},"type":"binary-expr","locations":[{"start":{"line":2,"column":16},"end":{"line":2,"column":34}},{"start":{"line":2,"column":38},"end":{"line":2,"column":81}}],"line":2},"2":{"loc":{"start":{"line":3,"column":17},"end":{"line":3,"column":72}},"type":"binary-expr","locations":[{"start":{"line":3,"column":17},"end":{"line":3,"column":39}},{"start":{"line":3,"column":43},"end":{"line":3,"column":72}}],"line":3},"3":{"loc":{"start":{"line":4,"column":21},"end":{"line":4,"column":65}},"type":"binary-expr","locations":[{"start":{"line":4,"column":21},"end":{"line":4,"column":44}},{"start":{"line":4,"column":48},"end":{"line":4,"column":65}}],"line":4},"4":{"loc":{"start":{"line":5,"column":24},"end":{"line":5,"column":64}},"type":"binary-expr","locations":[{"start":{"line":5,"column":24},"end":{"line":5,"column":50}},{"start":{"line":5,"column":54},"end":{"line":5,"column":64}}],"line":5}},"s":{"0":1,"1":1,"2":1,"3":1,"4":1},"f":{},"b":{"0":[1,0,0],"1":[1,1],"2":[1,1],"3":[1,1],"4":[1,1]},"_coverageSchema":"43e27e138ebf9cfc5966b082cf9a028302ed4184","hash":"8652616c4a1063723464c8495690c1ebaf491a5e"}
,"/home/kiswari/Desktop/Burger Queen API/LIM011-fe-burger-queen-api/conection/connection.js": {"path":"/home/kiswari/Desktop/Burger Queen API/LIM011-fe-burger-queen-api/conection/connection.js","statementMap":{"0":{"start":{"line":1,"column":20},"end":{"line":1,"column":50}},"1":{"start":{"line":2,"column":15},"end":{"line":2,"column":35}},"2":{"start":{"line":4,"column":18},"end":{"line":4,"column":24}},"3":{"start":{"line":8,"column":0},"end":{"line":16,"column":2}},"4":{"start":{"line":10,"column":2},"end":{"line":13,"column":3}},"5":{"start":{"line":11,"column":19},"end":{"line":11,"column":81}},"6":{"start":{"line":12,"column":4},"end":{"line":12,"column":38}},"7":{"start":{"line":14,"column":2},"end":{"line":14,"column":12}}},"fnMap":{"0":{"name":"(anonymous_0)","decl":{"start":{"line":8,"column":17},"end":{"line":8,"column":18}},"loc":{"start":{"line":8,"column":29},"end":{"line":16,"column":1}},"line":8}},"branchMap":{"0":{"loc":{"start":{"line":10,"column":2},"end":{"line":13,"column":3}},"type":"if","locations":[{"start":{"line":10,"column":2},"end":{"line":13,"column":3}},{"start":{"line":10,"column":2},"end":{"line":13,"column":3}}],"line":10}},"s":{"0":1,"1":1,"2":1,"3":1,"4":8,"5":8,"6":0,"7":0},"f":{"0":8},"b":{"0":[8,0]},"_coverageSchema":"43e27e138ebf9cfc5966b082cf9a028302ed4184","hash":"988080f25a877c3578aa941f06bbcc3912713526"}
,"/home/kiswari/Desktop/Burger Queen API/LIM011-fe-burger-queen-api/controller/usersController.js": {"path":"/home/kiswari/Desktop/Burger Queen API/LIM011-fe-burger-queen-api/controller/usersController.js","statementMap":{"0":{"start":{"line":1,"column":15},"end":{"line":1,"column":32}},"1":{"start":{"line":2,"column":17},"end":{"line":2,"column":44}},"2":{"start":{"line":3,"column":37},"end":{"line":3,"column":55}},"3":{"start":{"line":4,"column":20},"end":{"line":4,"column":49}},"4":{"start":{"line":5,"column":11},"end":{"line":5,"column":45}},"5":{"start":{"line":8,"column":0},"end":{"line":131,"column":2}},"6":{"start":{"line":10,"column":18},"end":{"line":10,"column":53}},"7":{"start":{"line":11,"column":17},"end":{"line":11,"column":50}},"8":{"start":{"line":12,"column":23},"end":{"line":12,"column":41}},"9":{"start":{"line":13,"column":28},"end":{"line":13,"column":60}},"10":{"start":{"line":14,"column":21},"end":{"line":17,"column":62}},"11":{"start":{"line":17,"column":39},"end":{"line":17,"column":60}},"12":{"start":{"line":18,"column":26},"end":{"line":18,"column":62}},"13":{"start":{"line":19,"column":26},"end":{"line":19,"column":58}},"14":{"start":{"line":20,"column":24},"end":{"line":20,"column":71}},"15":{"start":{"line":21,"column":4},"end":{"line":21,"column":104}},"16":{"start":{"line":22,"column":4},"end":{"line":22,"column":23}},"17":{"start":{"line":23,"column":4},"end":{"line":23,"column":11}},"18":{"start":{"line":26,"column":20},"end":{"line":26,"column":30}},"19":{"start":{"line":28,"column":4},"end":{"line":32,"column":5}},"20":{"start":{"line":29,"column":6},"end":{"line":29,"column":29}},"21":{"start":{"line":31,"column":6},"end":{"line":31,"column":37}},"22":{"start":{"line":33,"column":28},"end":{"line":33,"column":60}},"23":{"start":{"line":34,"column":22},"end":{"line":34,"column":58}},"24":{"start":{"line":35,"column":4},"end":{"line":37,"column":5}},"25":{"start":{"line":36,"column":6},"end":{"line":36,"column":23}},"26":{"start":{"line":38,"column":4},"end":{"line":42,"column":7}},"27":{"start":{"line":45,"column":39},"end":{"line":45,"column":47}},"28":{"start":{"line":46,"column":4},"end":{"line":48,"column":5}},"29":{"start":{"line":47,"column":6},"end":{"line":47,"column":23}},"30":{"start":{"line":49,"column":4},"end":{"line":51,"column":5}},"31":{"start":{"line":50,"column":6},"end":{"line":50,"column":23}},"32":{"start":{"line":52,"column":4},"end":{"line":54,"column":5}},"33":{"start":{"line":53,"column":6},"end":{"line":53,"column":23}},"34":{"start":{"line":56,"column":4},"end":{"line":60,"column":5}},"35":{"start":{"line":57,"column":6},"end":{"line":57,"column":34}},"36":{"start":{"line":59,"column":6},"end":{"line":59,"column":23}},"37":{"start":{"line":61,"column":28},"end":{"line":61,"column":60}},"38":{"start":{"line":62,"column":25},"end":{"line":62,"column":65}},"39":{"start":{"line":63,"column":4},"end":{"line":65,"column":5}},"40":{"start":{"line":64,"column":6},"end":{"line":64,"column":23}},"41":{"start":{"line":66,"column":22},"end":{"line":70,"column":6}},"42":{"start":{"line":71,"column":17},"end":{"line":71,"column":87}},"43":{"start":{"line":72,"column":4},"end":{"line":76,"column":7}},"44":{"start":{"line":79,"column":20},"end":{"line":79,"column":30}},"45":{"start":{"line":80,"column":39},"end":{"line":80,"column":47}},"46":{"start":{"line":81,"column":29},"end":{"line":81,"column":61}},"47":{"start":{"line":83,"column":4},"end":{"line":87,"column":5}},"48":{"start":{"line":84,"column":6},"end":{"line":84,"column":29}},"49":{"start":{"line":86,"column":6},"end":{"line":86,"column":37}},"50":{"start":{"line":88,"column":17},"end":{"line":88,"column":53}},"51":{"start":{"line":89,"column":4},"end":{"line":91,"column":5}},"52":{"start":{"line":90,"column":6},"end":{"line":90,"column":23}},"53":{"start":{"line":92,"column":4},"end":{"line":94,"column":5}},"54":{"start":{"line":93,"column":6},"end":{"line":93,"column":23}},"55":{"start":{"line":95,"column":4},"end":{"line":97,"column":5}},"56":{"start":{"line":96,"column":6},"end":{"line":96,"column":23}},"57":{"start":{"line":98,"column":22},"end":{"line":98,"column":51}},"58":{"start":{"line":99,"column":4},"end":{"line":107,"column":6}},"59":{"start":{"line":108,"column":23},"end":{"line":108,"column":81}},"60":{"start":{"line":109,"column":4},"end":{"line":109,"column":25}},"61":{"start":{"line":110,"column":4},"end":{"line":110,"column":11}},"62":{"start":{"line":113,"column":20},"end":{"line":113,"column":30}},"63":{"start":{"line":114,"column":28},"end":{"line":114,"column":60}},"64":{"start":{"line":116,"column":4},"end":{"line":120,"column":5}},"65":{"start":{"line":117,"column":6},"end":{"line":117,"column":29}},"66":{"start":{"line":119,"column":6},"end":{"line":119,"column":37}},"67":{"start":{"line":121,"column":17},"end":{"line":121,"column":53}},"68":{"start":{"line":122,"column":4},"end":{"line":124,"column":5}},"69":{"start":{"line":123,"column":6},"end":{"line":123,"column":23}},"70":{"start":{"line":126,"column":4},"end":{"line":126,"column":43}},"71":{"start":{"line":127,"column":4},"end":{"line":127,"column":71}},"72":{"start":{"line":129,"column":4},"end":{"line":129,"column":11}}},"fnMap":{"0":{"name":"(anonymous_0)","decl":{"start":{"line":9,"column":12},"end":{"line":9,"column":13}},"loc":{"start":{"line":9,"column":38},"end":{"line":24,"column":3}},"line":9},"1":{"name":"(anonymous_1)","decl":{"start":{"line":17,"column":11},"end":{"line":17,"column":12}},"loc":{"start":{"line":17,"column":39},"end":{"line":17,"column":60}},"line":17},"2":{"name":"(anonymous_2)","decl":{"start":{"line":25,"column":15},"end":{"line":25,"column":16}},"loc":{"start":{"line":25,"column":42},"end":{"line":43,"column":3}},"line":25},"3":{"name":"(anonymous_3)","decl":{"start":{"line":44,"column":15},"end":{"line":44,"column":16}},"loc":{"start":{"line":44,"column":42},"end":{"line":77,"column":3}},"line":44},"4":{"name":"(anonymous_4)","decl":{"start":{"line":78,"column":14},"end":{"line":78,"column":15}},"loc":{"start":{"line":78,"column":40},"end":{"line":111,"column":3}},"line":78},"5":{"name":"(anonymous_5)","decl":{"start":{"line":112,"column":14},"end":{"line":112,"column":15}},"loc":{"start":{"line":112,"column":41},"end":{"line":130,"column":3}},"line":112}},"branchMap":{"0":{"loc":{"start":{"line":10,"column":18},"end":{"line":10,"column":53}},"type":"binary-expr","locations":[{"start":{"line":10,"column":18},"end":{"line":10,"column":47}},{"start":{"line":10,"column":51},"end":{"line":10,"column":53}}],"line":10},"1":{"loc":{"start":{"line":11,"column":17},"end":{"line":11,"column":50}},"type":"binary-expr","locations":[{"start":{"line":11,"column":17},"end":{"line":11,"column":45}},{"start":{"line":11,"column":49},"end":{"line":11,"column":50}}],"line":11},"2":{"loc":{"start":{"line":28,"column":4},"end":{"line":32,"column":5}},"type":"if","locations":[{"start":{"line":28,"column":4},"end":{"line":32,"column":5}},{"start":{"line":28,"column":4},"end":{"line":32,"column":5}}],"line":28},"3":{"loc":{"start":{"line":35,"column":4},"end":{"line":37,"column":5}},"type":"if","locations":[{"start":{"line":35,"column":4},"end":{"line":37,"column":5}},{"start":{"line":35,"column":4},"end":{"line":37,"column":5}}],"line":35},"4":{"loc":{"start":{"line":46,"column":4},"end":{"line":48,"column":5}},"type":"if","locations":[{"start":{"line":46,"column":4},"end":{"line":48,"column":5}},{"start":{"line":46,"column":4},"end":{"line":48,"column":5}}],"line":46},"5":{"loc":{"start":{"line":46,"column":8},"end":{"line":46,"column":27}},"type":"binary-expr","locations":[{"start":{"line":46,"column":8},"end":{"line":46,"column":14}},{"start":{"line":46,"column":18},"end":{"line":46,"column":27}}],"line":46},"6":{"loc":{"start":{"line":49,"column":4},"end":{"line":51,"column":5}},"type":"if","locations":[{"start":{"line":49,"column":4},"end":{"line":51,"column":5}},{"start":{"line":49,"column":4},"end":{"line":51,"column":5}}],"line":49},"7":{"loc":{"start":{"line":52,"column":4},"end":{"line":54,"column":5}},"type":"if","locations":[{"start":{"line":52,"column":4},"end":{"line":54,"column":5}},{"start":{"line":52,"column":4},"end":{"line":54,"column":5}}],"line":52},"8":{"loc":{"start":{"line":56,"column":4},"end":{"line":60,"column":5}},"type":"if","locations":[{"start":{"line":56,"column":4},"end":{"line":60,"column":5}},{"start":{"line":56,"column":4},"end":{"line":60,"column":5}}],"line":56},"9":{"loc":{"start":{"line":63,"column":4},"end":{"line":65,"column":5}},"type":"if","locations":[{"start":{"line":63,"column":4},"end":{"line":65,"column":5}},{"start":{"line":63,"column":4},"end":{"line":65,"column":5}}],"line":63},"10":{"loc":{"start":{"line":83,"column":4},"end":{"line":87,"column":5}},"type":"if","locations":[{"start":{"line":83,"column":4},"end":{"line":87,"column":5}},{"start":{"line":83,"column":4},"end":{"line":87,"column":5}}],"line":83},"11":{"loc":{"start":{"line":89,"column":4},"end":{"line":91,"column":5}},"type":"if","locations":[{"start":{"line":89,"column":4},"end":{"line":91,"column":5}},{"start":{"line":89,"column":4},"end":{"line":91,"column":5}}],"line":89},"12":{"loc":{"start":{"line":92,"column":4},"end":{"line":94,"column":5}},"type":"if","locations":[{"start":{"line":92,"column":4},"end":{"line":94,"column":5}},{"start":{"line":92,"column":4},"end":{"line":94,"column":5}}],"line":92},"13":{"loc":{"start":{"line":92,"column":8},"end":{"line":92,"column":30}},"type":"binary-expr","locations":[{"start":{"line":92,"column":8},"end":{"line":92,"column":21}},{"start":{"line":92,"column":25},"end":{"line":92,"column":30}}],"line":92},"14":{"loc":{"start":{"line":95,"column":4},"end":{"line":97,"column":5}},"type":"if","locations":[{"start":{"line":95,"column":4},"end":{"line":97,"column":5}},{"start":{"line":95,"column":4},"end":{"line":97,"column":5}}],"line":95},"15":{"loc":{"start":{"line":95,"column":10},"end":{"line":95,"column":27}},"type":"binary-expr","locations":[{"start":{"line":95,"column":10},"end":{"line":95,"column":15}},{"start":{"line":95,"column":19},"end":{"line":95,"column":27}}],"line":95},"16":{"loc":{"start":{"line":102,"column":17},"end":{"line":102,"column":45}},"type":"binary-expr","locations":[{"start":{"line":102,"column":17},"end":{"line":102,"column":31}},{"start":{"line":102,"column":35},"end":{"line":102,"column":45}}],"line":102},"17":{"loc":{"start":{"line":103,"column":20},"end":{"line":103,"column":47}},"type":"binary-expr","locations":[{"start":{"line":103,"column":20},"end":{"line":103,"column":29}},{"start":{"line":103,"column":33},"end":{"line":103,"column":47}}],"line":103},"18":{"loc":{"start":{"line":104,"column":17},"end":{"line":104,"column":41}},"type":"binary-expr","locations":[{"start":{"line":104,"column":17},"end":{"line":104,"column":27}},{"start":{"line":104,"column":31},"end":{"line":104,"column":41}}],"line":104},"19":{"loc":{"start":{"line":116,"column":4},"end":{"line":120,"column":5}},"type":"if","locations":[{"start":{"line":116,"column":4},"end":{"line":120,"column":5}},{"start":{"line":116,"column":4},"end":{"line":120,"column":5}}],"line":116},"20":{"loc":{"start":{"line":122,"column":4},"end":{"line":124,"column":5}},"type":"if","locations":[{"start":{"line":122,"column":4},"end":{"line":124,"column":5}},{"start":{"line":122,"column":4},"end":{"line":124,"column":5}}],"line":122}},"s":{"0":1,"1":1,"2":1,"3":1,"4":1,"5":1,"6":1,"7":1,"8":1,"9":1,"10":0,"11":0,"12":0,"13":0,"14":0,"15":0,"16":0,"17":0,"18":2,"19":2,"20":0,"21":2,"22":2,"23":0,"24":0,"25":0,"26":0,"27":5,"28":5,"29":3,"30":2,"31":0,"32":2,"33":1,"34":1,"35":0,"36":1,"37":1,"38":0,"39":0,"40":0,"41":0,"42":0,"43":0,"44":2,"45":2,"46":2,"47":0,"48":0,"49":0,"50":0,"51":0,"52":0,"53":0,"54":0,"55":0,"56":0,"57":0,"58":0,"59":0,"60":0,"61":0,"62":2,"63":2,"64":0,"65":0,"66":0,"67":0,"68":0,"69":0,"70":0,"71":0,"72":0},"f":{"0":1,"1":0,"2":2,"3":5,"4":2,"5":2},"b":{"0":[1,1],"1":[1,1],"2":[0,2],"3":[0,0],"4":[3,2],"5":[5,4],"6":[0,2],"7":[1,1],"8":[0,1],"9":[0,0],"10":[0,0],"11":[0,0],"12":[0,0],"13":[0,0],"14":[0,0],"15":[0,0],"16":[0,0],"17":[0,0],"18":[0,0],"19":[0,0],"20":[0,0]},"_coverageSchema":"43e27e138ebf9cfc5966b082cf9a028302ed4184","hash":"d22f464b1e71554a8a2eba929db488bd0f551017"}
,"/home/kiswari/Desktop/Burger Queen API/LIM011-fe-burger-queen-api/controller/utils.js": {"path":"/home/kiswari/Desktop/Burger Queen API/LIM011-fe-burger-queen-api/controller/utils.js","statementMap":{"0":{"start":{"line":2,"column":21},"end":{"line":5,"column":1}},"1":{"start":{"line":3,"column":16},"end":{"line":3,"column":167}},"2":{"start":{"line":4,"column":2},"end":{"line":4,"column":27}},"3":{"start":{"line":7,"column":19},"end":{"line":15,"column":1}},"4":{"start":{"line":8,"column":22},"end":{"line":13,"column":3}},"5":{"start":{"line":14,"column":2},"end":{"line":14,"column":21}},"6":{"start":{"line":17,"column":0},"end":{"line":17,"column":46}}},"fnMap":{"0":{"name":"(anonymous_0)","decl":{"start":{"line":2,"column":21},"end":{"line":2,"column":22}},"loc":{"start":{"line":2,"column":32},"end":{"line":5,"column":1}},"line":2},"1":{"name":"(anonymous_1)","decl":{"start":{"line":7,"column":19},"end":{"line":7,"column":20}},"loc":{"start":{"line":7,"column":70},"end":{"line":15,"column":1}},"line":7}},"branchMap":{"0":{"loc":{"start":{"line":12,"column":41},"end":{"line":12,"column":64}},"type":"cond-expr","locations":[{"start":{"line":12,"column":52},"end":{"line":12,"column":60}},{"start":{"line":12,"column":63},"end":{"line":12,"column":64}}],"line":12}},"s":{"0":1,"1":4,"2":4,"3":1,"4":0,"5":0,"6":1},"f":{"0":4,"1":0},"b":{"0":[0,0]},"_coverageSchema":"43e27e138ebf9cfc5966b082cf9a028302ed4184","hash":"de9712f7e79d63aecf0e37d70fc0132d9842f4ca"}
,"/home/kiswari/Desktop/Burger Queen API/LIM011-fe-burger-queen-api/middleware/auth.js": {"path":"/home/kiswari/Desktop/Burger Queen API/LIM011-fe-burger-queen-api/middleware/auth.js","statementMap":{"0":{"start":{"line":1,"column":12},"end":{"line":1,"column":35}},"1":{"start":{"line":2,"column":17},"end":{"line":2,"column":44}},"2":{"start":{"line":3,"column":15},"end":{"line":3,"column":35}},"3":{"start":{"line":5,"column":18},"end":{"line":5,"column":24}},"4":{"start":{"line":6,"column":17},"end":{"line":6,"column":51}},"5":{"start":{"line":8,"column":0},"end":{"line":43,"column":2}},"6":{"start":{"line":8,"column":29},"end":{"line":43,"column":1}},"7":{"start":{"line":9,"column":28},"end":{"line":9,"column":39}},"8":{"start":{"line":11,"column":2},"end":{"line":13,"column":3}},"9":{"start":{"line":12,"column":4},"end":{"line":12,"column":18}},"10":{"start":{"line":14,"column":24},"end":{"line":14,"column":48}},"11":{"start":{"line":15,"column":2},"end":{"line":17,"column":3}},"12":{"start":{"line":16,"column":4},"end":{"line":16,"column":18}},"13":{"start":{"line":18,"column":2},"end":{"line":42,"column":5}},"14":{"start":{"line":19,"column":4},"end":{"line":21,"column":5}},"15":{"start":{"line":20,"column":6},"end":{"line":20,"column":23}},"16":{"start":{"line":23,"column":15},"end":{"line":23,"column":36}},"17":{"start":{"line":24,"column":22},"end":{"line":24,"column":60}},"18":{"start":{"line":25,"column":4},"end":{"line":25,"column":46}},"19":{"start":{"line":26,"column":4},"end":{"line":26,"column":53}},"20":{"start":{"line":27,"column":4},"end":{"line":27,"column":47}},"21":{"start":{"line":28,"column":4},"end":{"line":28,"column":30}},"22":{"start":{"line":29,"column":19},"end":{"line":29,"column":35}},"23":{"start":{"line":30,"column":4},"end":{"line":30,"column":34}},"24":{"start":{"line":31,"column":4},"end":{"line":31,"column":43}},"25":{"start":{"line":32,"column":4},"end":{"line":32,"column":45}},"26":{"start":{"line":35,"column":17},"end":{"line":35,"column":80}},"27":{"start":{"line":37,"column":4},"end":{"line":37,"column":28}},"28":{"start":{"line":40,"column":4},"end":{"line":40,"column":11}},"29":{"start":{"line":46,"column":0},"end":{"line":49,"column":2}},"30":{"start":{"line":48,"column":2},"end":{"line":48,"column":18}},"31":{"start":{"line":52,"column":0},"end":{"line":55,"column":2}},"32":{"start":{"line":54,"column":2},"end":{"line":54,"column":30}},"33":{"start":{"line":57,"column":0},"end":{"line":65,"column":2}},"34":{"start":{"line":60,"column":2},"end":{"line":64,"column":15}},"35":{"start":{"line":68,"column":0},"end":{"line":72,"column":2}},"36":{"start":{"line":69,"column":2},"end":{"line":71,"column":12}},"37":{"start":{"line":74,"column":0},"end":{"line":81,"column":2}},"38":{"start":{"line":76,"column":2},"end":{"line":80,"column":14}}},"fnMap":{"0":{"name":"(anonymous_0)","decl":{"start":{"line":8,"column":17},"end":{"line":8,"column":18}},"loc":{"start":{"line":8,"column":29},"end":{"line":43,"column":1}},"line":8},"1":{"name":"(anonymous_1)","decl":{"start":{"line":8,"column":29},"end":{"line":8,"column":30}},"loc":{"start":{"line":8,"column":50},"end":{"line":43,"column":1}},"line":8},"2":{"name":"(anonymous_2)","decl":{"start":{"line":18,"column":28},"end":{"line":18,"column":29}},"loc":{"start":{"line":18,"column":57},"end":{"line":42,"column":3}},"line":18},"3":{"name":"(anonymous_3)","decl":{"start":{"line":46,"column":33},"end":{"line":46,"column":34}},"loc":{"start":{"line":48,"column":2},"end":{"line":48,"column":18}},"line":48},"4":{"name":"(anonymous_4)","decl":{"start":{"line":52,"column":25},"end":{"line":52,"column":26}},"loc":{"start":{"line":54,"column":2},"end":{"line":54,"column":30}},"line":54},"5":{"name":"(anonymous_5)","decl":{"start":{"line":57,"column":31},"end":{"line":57,"column":32}},"loc":{"start":{"line":60,"column":2},"end":{"line":64,"column":15}},"line":60},"6":{"name":"(anonymous_6)","decl":{"start":{"line":68,"column":29},"end":{"line":68,"column":30}},"loc":{"start":{"line":69,"column":2},"end":{"line":71,"column":12}},"line":69},"7":{"name":"(anonymous_7)","decl":{"start":{"line":74,"column":30},"end":{"line":74,"column":31}},"loc":{"start":{"line":76,"column":2},"end":{"line":80,"column":14}},"line":76}},"branchMap":{"0":{"loc":{"start":{"line":11,"column":2},"end":{"line":13,"column":3}},"type":"if","locations":[{"start":{"line":11,"column":2},"end":{"line":13,"column":3}},{"start":{"line":11,"column":2},"end":{"line":13,"column":3}}],"line":11},"1":{"loc":{"start":{"line":15,"column":2},"end":{"line":17,"column":3}},"type":"if","locations":[{"start":{"line":15,"column":2},"end":{"line":17,"column":3}},{"start":{"line":15,"column":2},"end":{"line":17,"column":3}}],"line":15},"2":{"loc":{"start":{"line":19,"column":4},"end":{"line":21,"column":5}},"type":"if","locations":[{"start":{"line":19,"column":4},"end":{"line":21,"column":5}},{"start":{"line":19,"column":4},"end":{"line":21,"column":5}}],"line":19},"3":{"loc":{"start":{"line":60,"column":2},"end":{"line":64,"column":15}},"type":"cond-expr","locations":[{"start":{"line":63,"column":6},"end":{"line":63,"column":12}},{"start":{"line":64,"column":6},"end":{"line":64,"column":15}}],"line":60},"4":{"loc":{"start":{"line":60,"column":3},"end":{"line":62,"column":79}},"type":"binary-expr","locations":[{"start":{"line":60,"column":4},"end":{"line":60,"column":31}},{"start":{"line":61,"column":7},"end":{"line":61,"column":67}},{"start":{"line":62,"column":6},"end":{"line":62,"column":77}}],"line":60},"5":{"loc":{"start":{"line":69,"column":2},"end":{"line":71,"column":12}},"type":"cond-expr","locations":[{"start":{"line":70,"column":6},"end":{"line":70,"column":15}},{"start":{"line":71,"column":6},"end":{"line":71,"column":12}}],"line":69},"6":{"loc":{"start":{"line":76,"column":2},"end":{"line":80,"column":14}},"type":"cond-expr","locations":[{"start":{"line":77,"column":6},"end":{"line":77,"column":15}},{"start":{"line":78,"column":6},"end":{"line":80,"column":14}}],"line":76},"7":{"loc":{"start":{"line":78,"column":6},"end":{"line":80,"column":14}},"type":"cond-expr","locations":[{"start":{"line":79,"column":8},"end":{"line":79,"column":17}},{"start":{"line":80,"column":8},"end":{"line":80,"column":14}}],"line":78}},"s":{"0":1,"1":1,"2":1,"3":1,"4":1,"5":1,"6":0,"7":0,"8":0,"9":0,"10":0,"11":0,"12":0,"13":0,"14":0,"15":0,"16":0,"17":0,"18":0,"19":0,"20":0,"21":0,"22":0,"23":0,"24":0,"25":0,"26":0,"27":0,"28":0,"29":1,"30":0,"31":1,"32":0,"33":1,"34":0,"35":1,"36":0,"37":1,"38":0},"f":{"0":0,"1":0,"2":0,"3":0,"4":0,"5":0,"6":0,"7":0},"b":{"0":[0,0],"1":[0,0],"2":[0,0],"3":[0,0],"4":[0,0,0],"5":[0,0],"6":[0,0],"7":[0,0]},"_coverageSchema":"43e27e138ebf9cfc5966b082cf9a028302ed4184","hash":"beaaf9c84e61b4216bcd4d1941e3bf915bf61122"}
}
