TN:
SF:/home/kiswari/Desktop/Burger Queen API/LIM011-fe-burger-queen-api/config.js
FNF:0
FNH:0
DA:1,1
DA:2,1
DA:3,1
DA:4,1
DA:5,1
LF:5
LH:5
BRDA:1,0,0,1
BRDA:1,0,1,0
BRDA:1,0,2,0
BRDA:2,1,0,1
BRDA:2,1,1,1
BRDA:3,2,0,1
BRDA:3,2,1,1
BRDA:4,3,0,1
BRDA:4,3,1,1
BRDA:5,4,0,1
BRDA:5,4,1,1
BRF:11
BRH:9
end_of_record
TN:
SF:/home/kiswari/Desktop/Burger Queen API/LIM011-fe-burger-queen-api/conection/connection.js
FN:8,(anonymous_0)
FNF:1
FNH:1
FNDA:11,(anonymous_0)
DA:1,1
DA:2,1
DA:4,1
DA:8,1
DA:10,11
DA:11,11
DA:12,0
DA:14,0
LF:8
LH:6
BRDA:10,0,0,11
BRDA:10,0,1,0
BRF:2
BRH:1
end_of_record
TN:
SF:/home/kiswari/Desktop/Burger Queen API/LIM011-fe-burger-queen-api/controller/usersController.js
FN:9,(anonymous_0)
FN:17,(anonymous_1)
FN:25,(anonymous_2)
FN:44,(anonymous_3)
FN:78,(anonymous_4)
FN:112,(anonymous_5)
FNF:6
FNH:5
FNDA:1,(anonymous_0)
FNDA:0,(anonymous_1)
FNDA:3,(anonymous_2)
FNDA:7,(anonymous_3)
FNDA:2,(anonymous_4)
FNDA:2,(anonymous_5)
DA:1,1
DA:2,1
DA:3,1
DA:4,1
DA:5,1
DA:8,1
DA:10,1
DA:11,1
DA:12,1
DA:13,1
DA:14,0
DA:17,0
DA:18,0
DA:19,0
DA:20,0
DA:21,0
DA:22,0
DA:23,0
DA:26,3
DA:28,3
DA:29,2
DA:31,1
DA:33,3
DA:34,0
DA:35,0
DA:36,0
DA:38,0
DA:45,7
DA:46,7
DA:47,2
DA:49,5
DA:50,1
DA:52,4
DA:53,1
DA:56,3
DA:57,1
DA:59,2
DA:61,3
DA:62,0
DA:63,0
DA:64,0
DA:66,0
DA:71,0
DA:72,0
DA:79,2
DA:80,2
DA:81,2
DA:83,0
DA:84,0
DA:86,0
DA:88,0
DA:89,0
DA:90,0
DA:92,0
DA:93,0
DA:95,0
DA:96,0
DA:98,0
DA:99,0
DA:108,0
DA:109,0
DA:110,0
DA:113,2
DA:114,2
DA:116,0
DA:117,0
DA:119,0
DA:121,0
DA:122,0
DA:123,0
DA:126,0
DA:127,0
DA:129,0
LF:73
LH:31
BRDA:10,0,0,1
BRDA:10,0,1,1
BRDA:11,1,0,1
BRDA:11,1,1,1
BRDA:28,2,0,2
BRDA:28,2,1,1
BRDA:35,3,0,0
BRDA:35,3,1,0
BRDA:46,4,0,2
BRDA:46,4,1,5
BRDA:46,5,0,7
BRDA:46,5,1,6
BRDA:49,6,0,1
BRDA:49,6,1,4
BRDA:52,7,0,1
BRDA:52,7,1,3
BRDA:56,8,0,1
BRDA:56,8,1,2
BRDA:63,9,0,0
BRDA:63,9,1,0
BRDA:83,10,0,0
BRDA:83,10,1,0
BRDA:89,11,0,0
BRDA:89,11,1,0
BRDA:92,12,0,0
BRDA:92,12,1,0
BRDA:92,13,0,0
BRDA:92,13,1,0
BRDA:95,14,0,0
BRDA:95,14,1,0
BRDA:95,15,0,0
BRDA:95,15,1,0
BRDA:102,16,0,0
BRDA:102,16,1,0
BRDA:103,17,0,0
BRDA:103,17,1,0
BRDA:104,18,0,0
BRDA:104,18,1,0
BRDA:116,19,0,0
BRDA:116,19,1,0
BRDA:122,20,0,0
BRDA:122,20,1,0
BRF:42
BRH:16
end_of_record
TN:
SF:/home/kiswari/Desktop/Burger Queen API/LIM011-fe-burger-queen-api/controller/utils.js
FN:2,(anonymous_0)
FN:7,(anonymous_1)
FNF:2
FNH:1
FNDA:7,(anonymous_0)
FNDA:0,(anonymous_1)
DA:2,1
DA:3,7
DA:4,7
DA:7,1
DA:8,0
DA:14,0
DA:17,1
LF:7
LH:5
BRDA:12,0,0,0
BRDA:12,0,1,0
BRF:2
BRH:0
end_of_record
TN:
SF:/home/kiswari/Desktop/Burger Queen API/LIM011-fe-burger-queen-api/middleware/auth.js
FN:5,(anonymous_0)
FN:5,(anonymous_1)
FN:15,(anonymous_2)
FN:38,(anonymous_3)
FN:44,(anonymous_4)
FN:49,(anonymous_5)
FN:60,(anonymous_6)
FN:66,(anonymous_7)
FNF:8
FNH:0
FNDA:0,(anonymous_0)
FNDA:0,(anonymous_1)
FNDA:0,(anonymous_2)
FNDA:0,(anonymous_3)
FNDA:0,(anonymous_4)
FNDA:0,(anonymous_5)
FNDA:0,(anonymous_6)
FNDA:0,(anonymous_7)
DA:1,1
DA:2,1
DA:3,1
DA:5,1
DA:6,0
DA:8,0
DA:9,0
DA:11,0
DA:12,0
DA:13,0
DA:15,0
DA:16,0
DA:17,0
DA:21,0
DA:22,0
DA:23,0
DA:26,0
DA:27,0
DA:29,0
DA:32,0
DA:38,1
DA:40,0
DA:44,1
DA:46,0
DA:49,1
DA:52,0
DA:60,1
DA:61,0
DA:66,1
DA:68,0
LF:30
LH:9
BRDA:8,0,0,0
BRDA:8,0,1,0
BRDA:12,1,0,0
BRDA:12,1,1,0
BRDA:16,2,0,0
BRDA:16,2,1,0
BRDA:26,3,0,0
BRDA:26,3,1,0
BRDA:52,4,0,0
BRDA:52,4,1,0
BRDA:52,5,0,0
BRDA:52,5,1,0
BRDA:52,5,2,0
BRDA:61,6,0,0
BRDA:61,6,1,0
BRDA:68,7,0,0
BRDA:68,7,1,0
BRDA:70,8,0,0
BRDA:70,8,1,0
BRF:19
BRH:0
end_of_record
